  Application.cpp
U:\ProyectoVerano\ProjectAlpha\ProjectAlpha\Source\Animation.h(60,19): warning C4244: 'inicializando': conversión de 'float' a 'int'; posible pérdida de datos
U:\ProyectoVerano\ProjectAlpha\ProjectAlpha\Source\Animation.h(61,58): warning C4244: '=': conversión de 'float' a 'int'; posible pérdida de datos
  Enemy.cpp
U:\ProyectoVerano\ProjectAlpha\ProjectAlpha\Source\Animation.h(60,19): warning C4244: 'inicializando': conversión de 'float' a 'int'; posible pérdida de datos
U:\ProyectoVerano\ProjectAlpha\ProjectAlpha\Source\Animation.h(61,58): warning C4244: '=': conversión de 'float' a 'int'; posible pérdida de datos
  Main.cpp
  ModuleAudio.cpp
  ModuleCollisions.cpp
  ModuleFadeToBlack.cpp
U:\ProyectoVerano\ProjectAlpha\ProjectAlpha\Source\ModuleFadeToBlack.cpp(81,19): warning C4244: '=': conversión de 'float' a 'Uint32'; posible pérdida de datos
  ModuleInput.cpp
U:\ProyectoVerano\ProjectAlpha\ProjectAlpha\Source\Animation.h(60,19): warning C4244: 'inicializando': conversión de 'float' a 'int'; posible pérdida de datos
U:\ProyectoVerano\ProjectAlpha\ProjectAlpha\Source\Animation.h(61,58): warning C4244: '=': conversión de 'float' a 'int'; posible pérdida de datos
  ModuleParticles.cpp
U:\ProyectoVerano\ProjectAlpha\ProjectAlpha\Source\Animation.h(60,19): warning C4244: 'inicializando': conversión de 'float' a 'int'; posible pérdida de datos
U:\ProyectoVerano\ProjectAlpha\ProjectAlpha\Source\Animation.h(61,58): warning C4244: '=': conversión de 'float' a 'int'; posible pérdida de datos
  ModulePlayer.cpp
U:\ProyectoVerano\ProjectAlpha\ProjectAlpha\Source\Animation.h(60,19): warning C4244: 'inicializando': conversión de 'float' a 'int'; posible pérdida de datos
U:\ProyectoVerano\ProjectAlpha\ProjectAlpha\Source\Animation.h(61,58): warning C4244: '=': conversión de 'float' a 'int'; posible pérdida de datos
  ModuleRender.cpp
U:\ProyectoVerano\ProjectAlpha\ProjectAlpha\Source\ModuleRender.cpp(114,31): warning C4244: '*=': conversión de 'float' a 'int'; posible pérdida de datos
U:\ProyectoVerano\ProjectAlpha\ProjectAlpha\Source\ModuleRender.cpp(115,31): warning C4244: '*=': conversión de 'float' a 'int'; posible pérdida de datos
U:\ProyectoVerano\ProjectAlpha\ProjectAlpha\Source\ModuleRender.cpp(145,34): warning C4244: '*=': conversión de 'float' a 'int'; posible pérdida de datos
U:\ProyectoVerano\ProjectAlpha\ProjectAlpha\Source\ModuleRender.cpp(146,34): warning C4244: '*=': conversión de 'float' a 'int'; posible pérdida de datos
  ModuleTextures.cpp
  ModuleWindow.cpp
  ScenePongGame.cpp
U:\ProyectoVerano\ProjectAlpha\ProjectAlpha\Source\Animation.h(60,19): warning C4244: 'inicializando': conversión de 'float' a 'int'; posible pérdida de datos
U:\ProyectoVerano\ProjectAlpha\ProjectAlpha\Source\Animation.h(61,58): warning C4244: '=': conversión de 'float' a 'int'; posible pérdida de datos
  SceneSwap.cpp
U:\ProyectoVerano\ProjectAlpha\ProjectAlpha\Source\Animation.h(60,19): warning C4244: 'inicializando': conversión de 'float' a 'int'; posible pérdida de datos
U:\ProyectoVerano\ProjectAlpha\ProjectAlpha\Source\Animation.h(61,58): warning C4244: '=': conversión de 'float' a 'int'; posible pérdida de datos
  SceneWin.cpp
U:\ProyectoVerano\ProjectAlpha\ProjectAlpha\Source\Animation.h(60,19): warning C4244: 'inicializando': conversión de 'float' a 'int'; posible pérdida de datos
U:\ProyectoVerano\ProjectAlpha\ProjectAlpha\Source\Animation.h(61,58): warning C4244: '=': conversión de 'float' a 'int'; posible pérdida de datos
  Generando código...
  ProjectI.vcxproj -> U:\ProyectoVerano\ProjectAlpha\ProjectAlpha\Build\Debug\ProjectI.exe
